{"/Users/gavin/Documents/coding_self/my-tutorial/24_devops/deploy-and-test/10_test/my-vue-app/src/utils/api.js": {"path":"/Users/gavin/Documents/coding_self/my-tutorial/24_devops/deploy-and-test/10_test/my-vue-app/src/utils/api.js","all":false,"statementMap":{"0":{"start":{"line":1,"column":0},"end":{"line":1,"column":36}},"1":{"start":{"line":2,"column":0},"end":{"line":2,"column":22}},"2":{"start":{"line":3,"column":0},"end":{"line":3,"column":25}},"3":{"start":{"line":4,"column":0},"end":{"line":4,"column":13}},"4":{"start":{"line":5,"column":0},"end":{"line":5,"column":2}},"5":{"start":{"line":6,"column":0},"end":{"line":6,"column":0}},"6":{"start":{"line":7,"column":0},"end":{"line":7,"column":34}},"7":{"start":{"line":8,"column":0},"end":{"line":8,"column":45}},"8":{"start":{"line":9,"column":0},"end":{"line":9,"column":30}},"9":{"start":{"line":10,"column":0},"end":{"line":10,"column":6}},"10":{"start":{"line":11,"column":0},"end":{"line":11,"column":1}}},"s":{"0":1,"1":2,"2":2,"3":2,"4":2,"5":1,"6":1,"7":1,"8":1,"9":1,"10":1},"branchMap":{"0":{"type":"branch","line":1,"loc":{"start":{"line":1,"column":27},"end":{"line":5,"column":2}},"locations":[{"start":{"line":1,"column":27},"end":{"line":5,"column":2}}]},"1":{"type":"branch","line":2,"loc":{"start":{"line":2,"column":15},"end":{"line":4,"column":7}},"locations":[{"start":{"line":2,"column":15},"end":{"line":4,"column":7}}]},"2":{"type":"branch","line":7,"loc":{"start":{"line":7,"column":27},"end":{"line":11,"column":1}},"locations":[{"start":{"line":7,"column":27},"end":{"line":11,"column":1}}]},"3":{"type":"branch","line":8,"loc":{"start":{"line":8,"column":23},"end":{"line":10,"column":6}},"locations":[{"start":{"line":8,"column":23},"end":{"line":10,"column":6}}]}},"b":{"0":[2],"1":[2],"2":[1],"3":[1]},"fnMap":{"0":{"name":"getDataTime","decl":{"start":{"line":1,"column":27},"end":{"line":5,"column":2}},"loc":{"start":{"line":1,"column":27},"end":{"line":5,"column":2}},"line":1},"1":{"name":"getDataList","decl":{"start":{"line":7,"column":27},"end":{"line":11,"column":1}},"loc":{"start":{"line":7,"column":27},"end":{"line":11,"column":1}},"line":7}},"f":{"0":2,"1":1}}
,"/Users/gavin/Documents/coding_self/my-tutorial/24_devops/deploy-and-test/10_test/my-vue-app/src/utils/domAdd.js": {"path":"/Users/gavin/Documents/coding_self/my-tutorial/24_devops/deploy-and-test/10_test/my-vue-app/src/utils/domAdd.js","all":false,"statementMap":{"0":{"start":{"line":1,"column":0},"end":{"line":1,"column":35}},"1":{"start":{"line":2,"column":0},"end":{"line":2,"column":46}},"2":{"start":{"line":3,"column":0},"end":{"line":3,"column":28}},"3":{"start":{"line":4,"column":0},"end":{"line":4,"column":15}},"4":{"start":{"line":5,"column":0},"end":{"line":5,"column":1}}},"s":{"0":1,"1":2,"2":2,"3":2,"4":2},"branchMap":{"0":{"type":"branch","line":1,"loc":{"start":{"line":1,"column":22},"end":{"line":5,"column":1}},"locations":[{"start":{"line":1,"column":22},"end":{"line":5,"column":1}}]}},"b":{"0":[2]},"fnMap":{"0":{"name":"domAdd","decl":{"start":{"line":1,"column":22},"end":{"line":5,"column":1}},"loc":{"start":{"line":1,"column":22},"end":{"line":5,"column":1}},"line":1}},"f":{"0":2}}
,"/Users/gavin/Documents/coding_self/my-tutorial/24_devops/deploy-and-test/10_test/my-vue-app/src/utils/flatten.js": {"path":"/Users/gavin/Documents/coding_self/my-tutorial/24_devops/deploy-and-test/10_test/my-vue-app/src/utils/flatten.js","all":false,"statementMap":{"0":{"start":{"line":1,"column":0},"end":{"line":1,"column":33}},"1":{"start":{"line":2,"column":0},"end":{"line":2,"column":27}},"2":{"start":{"line":3,"column":0},"end":{"line":3,"column":22}},"3":{"start":{"line":4,"column":0},"end":{"line":4,"column":25}},"4":{"start":{"line":5,"column":0},"end":{"line":5,"column":81}},"5":{"start":{"line":6,"column":0},"end":{"line":6,"column":10}},"6":{"start":{"line":7,"column":0},"end":{"line":7,"column":5}},"7":{"start":{"line":8,"column":0},"end":{"line":8,"column":1}}},"s":{"0":1,"1":3,"2":2,"3":2,"4":2,"5":2,"6":2,"7":2},"branchMap":{"0":{"type":"branch","line":1,"loc":{"start":{"line":1,"column":23},"end":{"line":8,"column":1}},"locations":[{"start":{"line":1,"column":23},"end":{"line":8,"column":1}}]},"1":{"type":"branch","line":2,"loc":{"start":{"line":2,"column":20},"end":{"line":2,"column":27}},"locations":[{"start":{"line":2,"column":20},"end":{"line":2,"column":27}}]},"2":{"type":"branch","line":2,"loc":{"start":{"line":2,"column":20},"end":{"line":8,"column":1}},"locations":[{"start":{"line":2,"column":20},"end":{"line":8,"column":1}}]},"3":{"type":"branch","line":4,"loc":{"start":{"line":4,"column":8},"end":{"line":4,"column":9}},"locations":[{"start":{"line":4,"column":8},"end":{"line":4,"column":9}}]},"4":{"type":"branch","line":5,"loc":{"start":{"line":5,"column":12},"end":{"line":5,"column":17}},"locations":[{"start":{"line":5,"column":12},"end":{"line":5,"column":17}}]},"5":{"type":"branch","line":5,"loc":{"start":{"line":5,"column":12},"end":{"line":5,"column":17}},"locations":[{"start":{"line":5,"column":12},"end":{"line":5,"column":17}}]}},"b":{"0":[3],"1":[1],"2":[2],"3":[8],"4":[1],"5":[7]},"fnMap":{"0":{"name":"flatten","decl":{"start":{"line":1,"column":23},"end":{"line":8,"column":1}},"loc":{"start":{"line":1,"column":23},"end":{"line":8,"column":1}},"line":1}},"f":{"0":3}}
}
