<?xml version="1.0" encoding="UTF-8"?>
<coverage generated="1654954587852" clover="3.2.0">
  <project timestamp="1654954587852" name="All files">
    <metrics statements="24" coveredstatements="24" conditionals="11" coveredconditionals="11" methods="4" coveredmethods="4" elements="39" coveredelements="39" complexity="0" loc="24" ncloc="24" packages="1" files="3" classes="3"/>
    <file name="api.js" path="/Users/gavin/Documents/coding_self/my-tutorial/24_devops/deploy-and-test/10_test/my-vue-app/src/utils/api.js">
      <metrics statements="11" coveredstatements="11" conditionals="4" coveredconditionals="4" methods="2" coveredmethods="2"/>
      <line num="1" count="1" type="cond" truecount="1" falsecount="0"/>
      <line num="2" count="2" type="cond" truecount="1" falsecount="0"/>
      <line num="3" count="2" type="stmt"/>
      <line num="4" count="2" type="stmt"/>
      <line num="5" count="2" type="stmt"/>
      <line num="6" count="1" type="stmt"/>
      <line num="7" count="1" type="cond" truecount="1" falsecount="0"/>
      <line num="8" count="1" type="cond" truecount="1" falsecount="0"/>
      <line num="9" count="1" type="stmt"/>
      <line num="10" count="1" type="stmt"/>
      <line num="11" count="1" type="stmt"/>
    </file>
    <file name="domAdd.js" path="/Users/gavin/Documents/coding_self/my-tutorial/24_devops/deploy-and-test/10_test/my-vue-app/src/utils/domAdd.js">
      <metrics statements="5" coveredstatements="5" conditionals="1" coveredconditionals="1" methods="1" coveredmethods="1"/>
      <line num="1" count="1" type="cond" truecount="1" falsecount="0"/>
      <line num="2" count="2" type="stmt"/>
      <line num="3" count="2" type="stmt"/>
      <line num="4" count="2" type="stmt"/>
      <line num="5" count="2" type="stmt"/>
    </file>
    <file name="flatten.js" path="/Users/gavin/Documents/coding_self/my-tutorial/24_devops/deploy-and-test/10_test/my-vue-app/src/utils/flatten.js">
      <metrics statements="8" coveredstatements="8" conditionals="6" coveredconditionals="6" methods="1" coveredmethods="1"/>
      <line num="1" count="1" type="cond" truecount="1" falsecount="0"/>
      <line num="2" count="3" type="cond" truecount="2" falsecount="0"/>
      <line num="3" count="2" type="stmt"/>
      <line num="4" count="2" type="cond" truecount="1" falsecount="0"/>
      <line num="5" count="2" type="cond" truecount="2" falsecount="0"/>
      <line num="6" count="2" type="stmt"/>
      <line num="7" count="2" type="stmt"/>
      <line num="8" count="2" type="stmt"/>
    </file>
  </project>
</coverage>
