TN:
SF:src/utils/api.js
FN:1,getDataTime
FN:7,getDataList
FNF:2
FNH:2
FNDA:2,getDataTime
FNDA:1,getDataList
DA:1,1
DA:2,2
DA:3,2
DA:4,2
DA:5,2
DA:6,1
DA:7,1
DA:8,1
DA:9,1
DA:10,1
DA:11,1
LF:11
LH:11
BRDA:1,0,0,2
BRDA:2,1,0,2
BRDA:7,2,0,1
BRDA:8,3,0,1
BRF:4
BRH:4
end_of_record
TN:
SF:src/utils/domAdd.js
FN:1,domAdd
FNF:1
FNH:1
FNDA:2,domAdd
DA:1,1
DA:2,2
DA:3,2
DA:4,2
DA:5,2
LF:5
LH:5
BRDA:1,0,0,2
BRF:1
BRH:1
end_of_record
TN:
SF:src/utils/flatten.js
FN:1,flatten
FNF:1
FNH:1
FNDA:3,flatten
DA:1,1
DA:2,3
DA:3,2
DA:4,2
DA:5,2
DA:6,2
DA:7,2
DA:8,2
LF:8
LH:8
BRDA:1,0,0,3
BRDA:2,1,0,1
BRDA:2,2,0,2
BRDA:4,3,0,8
BRDA:5,4,0,1
BRDA:5,5,0,7
BRF:6
BRH:6
end_of_record
